<?xml version="1.0" encoding="UTF-8"?>
<!-- Generated by org.testng.reporters.JUnitXMLReporter -->
<testsuite ignored="2" hostname="DESKTOP-4SERDGF" failures="0" tests="2" name="Test" time="0.109" errors="0" timestamp="2024-01-06T04:04:43 IST">
  <testcase classname="testNGXMLUse.ExcludeMyClass" name="Tc2" time="0.013"/>
  <testcase classname="testNGXMLUse.ExcludeMyClass" name="Tc4" time="0.006"/>
  <testcase classname="testNGXMLUse.ExcludeMyClass" name="Tc1" time="0.0">
    <ignored/>
  </testcase> <!-- Tc1 -->
  <testcase classname="testNGXMLUse.ExcludeMyClass" name="Tc3" time="0.0">
    <ignored/>
  </testcase> <!-- Tc3 -->
</testsuite> <!-- Test -->
